Using pre-set license
Built from '2020.2/release' branch; Version is '2020.2.2f1 (068178b99f32) revision 426360'; Using compiler version '192528614'; Build Type 'Release'
OS: 'Windows 10 Pro; OS build 18362.356; Version 1903; 64bit' Language: 'en' Physical Memory: 16194 MB
BatchMode: 1, IsHumanControllingUs: 0, StartBugReporterOnCrash: 0, Is64bit: 1, IsPro: 0

 COMMAND LINE ARGUMENTS:
C:\Program Files\Unity\Hub\Editor\2020.2.2f1\Editor\Unity.exe
-adb2
-batchMode
-noUpm
-name
AssetImportWorker0
-projectPath
C:/Users/gdemers/Documents/GitHub/j06-su-moteurs-jeux-video-2-h21/UnityProject-DuckHunter
-logFile
Logs/AssetImportWorker0.log
-srvPort
64879
Successfully changed project path to: C:/Users/gdemers/Documents/GitHub/j06-su-moteurs-jeux-video-2-h21/UnityProject-DuckHunter
C:/Users/gdemers/Documents/GitHub/j06-su-moteurs-jeux-video-2-h21/UnityProject-DuckHunter
Using Asset Import Pipeline V2.
Refreshing native plugins compatible for Editor in 34.46 ms, found 3 plugins.
Preloading 1 native plugins for Editor in 0.77 ms.
Initialize engine version: 2020.2.2f1 (068178b99f32)
[Subsystems] Discovering subsystems at path C:/Program Files/Unity/Hub/Editor/2020.2.2f1/Editor/Data/Resources/UnitySubsystems
[Subsystems] Discovering subsystems at path C:/Users/gdemers/Documents/GitHub/j06-su-moteurs-jeux-video-2-h21/UnityProject-DuckHunter/Assets
GfxDevice: creating device client; threaded=0
Direct3D:
    Version:  Direct3D 11.0 [level 11.1]
    Renderer: NVIDIA GeForce GTX 1660 Ti with Max-Q Design (ID=0x2191)
    Vendor:   
    VRAM:     5991 MB
    Driver:   27.21.14.5730
Initialize mono
Mono path[0] = 'C:/Program Files/Unity/Hub/Editor/2020.2.2f1/Editor/Data/Managed'
Mono path[1] = 'C:/Program Files/Unity/Hub/Editor/2020.2.2f1/Editor/Data/MonoBleedingEdge/lib/mono/unityjit'
Mono config path = 'C:/Program Files/Unity/Hub/Editor/2020.2.2f1/Editor/Data/MonoBleedingEdge/etc'
Using monoOptions --debugger-agent=transport=dt_socket,embedding=1,server=y,suspend=n,address=127.0.0.1:56064
Begin MonoManager ReloadAssembly
Registering precompiled unity dll's ...
Register platform support module: C:/Program Files/Unity/Hub/Editor/2020.2.2f1/Editor/Data/PlaybackEngines/WindowsStandaloneSupport/UnityEditor.WindowsStandalone.Extensions.dll
Registered in 0.001500 seconds.
Native extension for WindowsStandalone target not found
Refreshing native plugins compatible for Editor in 31.62 ms, found 3 plugins.
Preloading 1 native plugins for Editor in 0.08 ms.
Invoked RoslynAnalysisRunner static constructor.
RoslynAnalysisRunner will not be running.
RoslynAnalysisRunner has terminated.
Mono: successfully reloaded assembly
- Completed reload, in  1.024 seconds
Platform modules already initialized, skipping
Registering precompiled user dll's ...
Registered in 0.001630 seconds.
Begin MonoManager ReloadAssembly
Native extension for WindowsStandalone target not found
Refreshing native plugins compatible for Editor in 32.06 ms, found 3 plugins.
Preloading 1 native plugins for Editor in 0.07 ms.
Invoked RoslynAnalysisRunner static constructor.
RoslynAnalysisRunner will not be running.
RoslynAnalysisRunner has terminated.
NullReferenceException: Object reference not set to an instance of an object
  at Unity.XR.Oculus.OculusLoader.AssetPathToAbsolutePath (System.String assetPath) [0x0004c] in C:\Users\gdemers\Documents\GitHub\j06-su-moteurs-jeux-video-2-h21\UnityProject-DuckHunter\Library\PackageCache\com.unity.xr.oculus@1.6.1\Runtime\OculusLoader.cs:242 
  at Unity.XR.Oculus.OculusLoader.EditorLoadOVRPlugin () [0x000b0] in C:\Users\gdemers\Documents\GitHub\j06-su-moteurs-jeux-video-2-h21\UnityProject-DuckHunter\Library\PackageCache\com.unity.xr.oculus@1.6.1\Runtime\OculusLoader.cs:227 

(Filename: Library/PackageCache/com.unity.xr.oculus@1.6.1/Runtime/OculusLoader.cs Line: 242)

Mono: successfully reloaded assembly
- Completed reload, in  0.905 seconds
Platform modules already initialized, skipping
========================================================================
Worker process is ready to serve import requests
Launched and connected shader compiler UnityShaderCompiler.exe after 0.04 seconds
Refreshing native plugins compatible for Editor in 0.35 ms, found 3 plugins.
Preloading 1 native plugins for Editor in 0.07 ms.
Unloading 1604 Unused Serialized files (Serialized files now loaded: 0)
System memory in use before: 75.6 MB.
System memory in use after: 75.7 MB.

Unloading 14 unused Assets to reduce memory usage. Loaded Objects now: 2049.
Total: 1.757100 ms (FindLiveObjects: 0.166700 ms CreateObjectMapping: 0.072400 ms MarkObjects: 1.442300 ms  DeleteObjects: 0.074600 ms)

========================================================================
Received Import Request.
  path: Assets/Resources/Models/LowPoly_MobileWeapons
  artifactKey: Guid(66a7c14fe565c824a9f7e05794e60c93) Importer(815301076,1909f56bfc062723c751e8b465ee728b)
Start importing Assets/Resources/Models/LowPoly_MobileWeapons using Guid(66a7c14fe565c824a9f7e05794e60c93) Importer(815301076,1909f56bfc062723c751e8b465ee728b)  -> (artifact id: 'c4b58761e5fa28aed279ac03a68f1b65') in 0.007778 seconds
  Import took 0.010173 seconds .

========================================================================
Received Import Request.
  Time since last request: 1.792911 seconds.
  path: Assets/Resources/Models
  artifactKey: Guid(eb1dcb00fdbfb3f4abbea0ded311bb6a) Importer(815301076,1909f56bfc062723c751e8b465ee728b)
Start importing Assets/Resources/Models using Guid(eb1dcb00fdbfb3f4abbea0ded311bb6a) Importer(815301076,1909f56bfc062723c751e8b465ee728b)  -> (artifact id: '9171f8fdd43a01b361050cff605e491b') in 0.004217 seconds
  Import took 0.006424 seconds .

========================================================================
Received Import Request.
  Time since last request: 5.677382 seconds.
  path: Assets/Resources/Package Models
  artifactKey: Guid(eb1dcb00fdbfb3f4abbea0ded311bb6a) Importer(815301076,1909f56bfc062723c751e8b465ee728b)
Start importing Assets/Resources/Package Models using Guid(eb1dcb00fdbfb3f4abbea0ded311bb6a) Importer(815301076,1909f56bfc062723c751e8b465ee728b)  -> (artifact id: 'd106d5369a47b6d8ff8826f3b1039bff') in 0.006254 seconds
  Import took 0.008582 seconds .

AssetImportWorkerClient::OnTransportError - code=2 error=End of file
