Using pre-set license
Built from '2020.2/release' branch; Version is '2020.2.2f1 (068178b99f32) revision 426360'; Using compiler version '192528614'; Build Type 'Release'
OS: 'Windows 10 Pro; OS build 18362.356; Version 1903; 64bit' Language: 'en' Physical Memory: 16194 MB
BatchMode: 1, IsHumanControllingUs: 0, StartBugReporterOnCrash: 0, Is64bit: 1, IsPro: 0

 COMMAND LINE ARGUMENTS:
C:\Program Files\Unity\Hub\Editor\2020.2.2f1\Editor\Unity.exe
-adb2
-batchMode
-noUpm
-name
AssetImportWorker0
-projectPath
C:/Users/gdemers/Documents/GitHub/j06-su-moteurs-jeux-video-2-h21/UnityProject-DuckHunter
-logFile
Logs/AssetImportWorker0.log
-srvPort
59085
Successfully changed project path to: C:/Users/gdemers/Documents/GitHub/j06-su-moteurs-jeux-video-2-h21/UnityProject-DuckHunter
C:/Users/gdemers/Documents/GitHub/j06-su-moteurs-jeux-video-2-h21/UnityProject-DuckHunter
Using Asset Import Pipeline V2.
Refreshing native plugins compatible for Editor in 34.24 ms, found 3 plugins.
Preloading 1 native plugins for Editor in 0.70 ms.
Initialize engine version: 2020.2.2f1 (068178b99f32)
[Subsystems] Discovering subsystems at path C:/Program Files/Unity/Hub/Editor/2020.2.2f1/Editor/Data/Resources/UnitySubsystems
[Subsystems] Discovering subsystems at path C:/Users/gdemers/Documents/GitHub/j06-su-moteurs-jeux-video-2-h21/UnityProject-DuckHunter/Assets
GfxDevice: creating device client; threaded=0
Direct3D:
    Version:  Direct3D 11.0 [level 11.1]
    Renderer: NVIDIA GeForce GTX 1660 Ti with Max-Q Design (ID=0x2191)
    Vendor:   
    VRAM:     5991 MB
    Driver:   27.21.14.5730
Initialize mono
Mono path[0] = 'C:/Program Files/Unity/Hub/Editor/2020.2.2f1/Editor/Data/Managed'
Mono path[1] = 'C:/Program Files/Unity/Hub/Editor/2020.2.2f1/Editor/Data/MonoBleedingEdge/lib/mono/unityjit'
Mono config path = 'C:/Program Files/Unity/Hub/Editor/2020.2.2f1/Editor/Data/MonoBleedingEdge/etc'
Using monoOptions --debugger-agent=transport=dt_socket,embedding=1,server=y,suspend=n,address=127.0.0.1:56048
Begin MonoManager ReloadAssembly
Registering precompiled unity dll's ...
Register platform support module: C:/Program Files/Unity/Hub/Editor/2020.2.2f1/Editor/Data/PlaybackEngines/WindowsStandaloneSupport/UnityEditor.WindowsStandalone.Extensions.dll
Registered in 0.001478 seconds.
Native extension for WindowsStandalone target not found
Refreshing native plugins compatible for Editor in 30.45 ms, found 3 plugins.
Preloading 1 native plugins for Editor in 0.08 ms.
Invoked RoslynAnalysisRunner static constructor.
RoslynAnalysisRunner will not be running.
RoslynAnalysisRunner has terminated.
Mono: successfully reloaded assembly
- Completed reload, in  1.015 seconds
Platform modules already initialized, skipping
Registering precompiled user dll's ...
Registered in 0.001589 seconds.
Begin MonoManager ReloadAssembly
Native extension for WindowsStandalone target not found
Refreshing native plugins compatible for Editor in 31.08 ms, found 3 plugins.
Preloading 1 native plugins for Editor in 0.07 ms.
Invoked RoslynAnalysisRunner static constructor.
RoslynAnalysisRunner will not be running.
RoslynAnalysisRunner has terminated.
NullReferenceException: Object reference not set to an instance of an object
  at Unity.XR.Oculus.OculusLoader.AssetPathToAbsolutePath (System.String assetPath) [0x0004c] in C:\Users\gdemers\Documents\GitHub\j06-su-moteurs-jeux-video-2-h21\UnityProject-DuckHunter\Library\PackageCache\com.unity.xr.oculus@1.6.1\Runtime\OculusLoader.cs:242 
  at Unity.XR.Oculus.OculusLoader.EditorLoadOVRPlugin () [0x000b0] in C:\Users\gdemers\Documents\GitHub\j06-su-moteurs-jeux-video-2-h21\UnityProject-DuckHunter\Library\PackageCache\com.unity.xr.oculus@1.6.1\Runtime\OculusLoader.cs:227 

(Filename: Library/PackageCache/com.unity.xr.oculus@1.6.1/Runtime/OculusLoader.cs Line: 242)

Mono: successfully reloaded assembly
- Completed reload, in  0.888 seconds
Platform modules already initialized, skipping
========================================================================
Worker process is ready to serve import requests
Launched and connected shader compiler UnityShaderCompiler.exe after 0.03 seconds
Refreshing native plugins compatible for Editor in 0.34 ms, found 3 plugins.
Preloading 1 native plugins for Editor in 0.07 ms.
Unloading 1604 Unused Serialized files (Serialized files now loaded: 0)
System memory in use before: 75.6 MB.
System memory in use after: 75.7 MB.

Unloading 14 unused Assets to reduce memory usage. Loaded Objects now: 2049.
Total: 1.637700 ms (FindLiveObjects: 0.147700 ms CreateObjectMapping: 0.051600 ms MarkObjects: 1.366800 ms  DeleteObjects: 0.070900 ms)

========================================================================
Received Import Request.
  path: Assets/Resources/Package Models/LowPoly_MobileWeapons/LowPoly_MobileWeapons.unity
  artifactKey: Guid(25c2ffa8d3215b04193d0d21c4bdcd3d) Importer(815301076,1909f56bfc062723c751e8b465ee728b)
Start importing Assets/Resources/Package Models/LowPoly_MobileWeapons/LowPoly_MobileWeapons.unity using Guid(25c2ffa8d3215b04193d0d21c4bdcd3d) Importer(815301076,1909f56bfc062723c751e8b465ee728b)  -> (artifact id: '65b29941238bb2969c2fd4696ea469e0') in 0.014159 seconds
  Import took 0.016309 seconds .

========================================================================
Received Import Request.
  Time since last request: 0.000251 seconds.
  path: Assets/Resources/Package Models/LowPoly_MobileWeapons/Meshes
  artifactKey: Guid(148154487c51a6a478a91603eeb9291d) Importer(815301076,1909f56bfc062723c751e8b465ee728b)
Start importing Assets/Resources/Package Models/LowPoly_MobileWeapons/Meshes using Guid(148154487c51a6a478a91603eeb9291d) Importer(815301076,1909f56bfc062723c751e8b465ee728b)  -> (artifact id: 'fbccb3c3436396750a2dbf82eba0e4ae') in 0.005493 seconds
  Import took 0.007562 seconds .

========================================================================
Received Import Request.
  Time since last request: 0.000153 seconds.
  path: Assets/Resources/Package Models/LowPoly_MobileWeapons/Materials
  artifactKey: Guid(9a01162680534dd4788e3a4a0d8786d6) Importer(815301076,1909f56bfc062723c751e8b465ee728b)
Start importing Assets/Resources/Package Models/LowPoly_MobileWeapons/Materials using Guid(9a01162680534dd4788e3a4a0d8786d6) Importer(815301076,1909f56bfc062723c751e8b465ee728b)  -> (artifact id: '5d916eac8fc3620c6d57b90d8b126c0f') in 0.005582 seconds
  Import took 0.007749 seconds .

========================================================================
Received Import Request.
  Time since last request: 0.875131 seconds.
  path: Assets/Resources/Package Models/LowPoly_MobileWeapons/LowPoly_MobileWeapons
  artifactKey: Guid(d645e0ee3383fc1418e36ad99580d7bb) Importer(815301076,1909f56bfc062723c751e8b465ee728b)
Start importing Assets/Resources/Package Models/LowPoly_MobileWeapons/LowPoly_MobileWeapons using Guid(d645e0ee3383fc1418e36ad99580d7bb) Importer(815301076,1909f56bfc062723c751e8b465ee728b)  -> (artifact id: '44b507be2c8a9dcfdf49b3c0ff950fba') in 0.002824 seconds
  Import took 0.006033 seconds .

========================================================================
Received Import Request.
  Time since last request: 7.052692 seconds.
  path: Assets/Resources/Package Models/LowPoly_MobileWeapons/Meshes/ASA_Rifle.fbx
  artifactKey: Guid(c7eae24b35d618b4da544bc7c5703007) Importer(815301076,1909f56bfc062723c751e8b465ee728b)
Start importing Assets/Resources/Package Models/LowPoly_MobileWeapons/Meshes/ASA_Rifle.fbx using Guid(c7eae24b35d618b4da544bc7c5703007) Importer(815301076,1909f56bfc062723c751e8b465ee728b)  -> (artifact id: 'aa8535db36933eb40bfc114ddf8f22c2') in 0.345842 seconds
  Import took 0.348396 seconds .

========================================================================
Received Import Request.
  Time since last request: 18.811538 seconds.
  path: Assets/Resources/Package Models/LowPoly_MobileWeapons/Meshes/GSD_FlashBang.fbx
  artifactKey: Guid(3a47907c9bd60474dbdacf6d428ebf7e) Importer(815301076,1909f56bfc062723c751e8b465ee728b)
Start importing Assets/Resources/Package Models/LowPoly_MobileWeapons/Meshes/GSD_FlashBang.fbx using Guid(3a47907c9bd60474dbdacf6d428ebf7e) Importer(815301076,1909f56bfc062723c751e8b465ee728b)  -> (artifact id: '8d2b4d1047f45994a9fba657524426e3') in 0.267597 seconds
  Import took 0.270869 seconds .

========================================================================
Received Import Request.
  Time since last request: 64.117703 seconds.
  path: Assets/Scenes/gpelletierTestScene/gpelletierTestScene.unity
  artifactKey: Guid(c9b931393fcba5240a6ecc8333cdd5fd) Importer(815301076,1909f56bfc062723c751e8b465ee728b)
Start importing Assets/Scenes/gpelletierTestScene/gpelletierTestScene.unity using Guid(c9b931393fcba5240a6ecc8333cdd5fd) Importer(815301076,1909f56bfc062723c751e8b465ee728b)  -> (artifact id: 'e54b22c07e9bb592fc470651c810dd75') in 0.007880 seconds
  Import took 0.011883 seconds .

========================================================================
Received Prepare
Registering precompiled user dll's ...
Registered in 0.001640 seconds.
Begin MonoManager ReloadAssembly
Native extension for WindowsStandalone target not found
Refreshing native plugins compatible for Editor in 0.36 ms, found 3 plugins.
Preloading 1 native plugins for Editor in 0.08 ms.
Invoked RoslynAnalysisRunner static constructor.
RoslynAnalysisRunner will not be running.
RoslynAnalysisRunner has terminated.
NullReferenceException: Object reference not set to an instance of an object
  at Unity.XR.Oculus.OculusLoader.AssetPathToAbsolutePath (System.String assetPath) [0x0004c] in C:\Users\gdemers\Documents\GitHub\j06-su-moteurs-jeux-video-2-h21\UnityProject-DuckHunter\Library\PackageCache\com.unity.xr.oculus@1.6.1\Runtime\OculusLoader.cs:242 
  at Unity.XR.Oculus.OculusLoader.EditorLoadOVRPlugin () [0x000b0] in C:\Users\gdemers\Documents\GitHub\j06-su-moteurs-jeux-video-2-h21\UnityProject-DuckHunter\Library\PackageCache\com.unity.xr.oculus@1.6.1\Runtime\OculusLoader.cs:227 

(Filename: Library/PackageCache/com.unity.xr.oculus@1.6.1/Runtime/OculusLoader.cs Line: 242)

Mono: successfully reloaded assembly
- Completed reload, in  0.815 seconds
Platform modules already initialized, skipping
Refreshing native plugins compatible for Editor in 0.40 ms, found 3 plugins.
Preloading 1 native plugins for Editor in 0.08 ms.
Unloading 1587 Unused Serialized files (Serialized files now loaded: 0)
System memory in use before: 79.3 MB.
System memory in use after: 79.4 MB.

Unloading 7 unused Assets to reduce memory usage. Loaded Objects now: 2063.
Total: 1.627300 ms (FindLiveObjects: 0.156800 ms CreateObjectMapping: 0.048600 ms MarkObjects: 1.373500 ms  DeleteObjects: 0.047500 ms)

========================================================================
Received Import Request.
  Time since last request: 432.309246 seconds.
  path: Assets/Scenes/gdemersTestScene/gdemersTestScene.unity
  artifactKey: Guid(241d2442a21837e45acb1b47e7a94fc7) Importer(815301076,1909f56bfc062723c751e8b465ee728b)
Start importing Assets/Scenes/gdemersTestScene/gdemersTestScene.unity using Guid(241d2442a21837e45acb1b47e7a94fc7) Importer(815301076,1909f56bfc062723c751e8b465ee728b)  -> (artifact id: '89529d485c6f48e8c60811a4f32afcdc') in 0.016868 seconds
  Import took 0.019458 seconds .

========================================================================
Received Prepare
Registering precompiled user dll's ...
Registered in 0.001962 seconds.
Begin MonoManager ReloadAssembly
Native extension for WindowsStandalone target not found
Refreshing native plugins compatible for Editor in 0.41 ms, found 3 plugins.
Preloading 1 native plugins for Editor in 0.11 ms.
Invoked RoslynAnalysisRunner static constructor.
RoslynAnalysisRunner will not be running.
RoslynAnalysisRunner has terminated.
NullReferenceException: Object reference not set to an instance of an object
  at Unity.XR.Oculus.OculusLoader.AssetPathToAbsolutePath (System.String assetPath) [0x0004c] in C:\Users\gdemers\Documents\GitHub\j06-su-moteurs-jeux-video-2-h21\UnityProject-DuckHunter\Library\PackageCache\com.unity.xr.oculus@1.6.1\Runtime\OculusLoader.cs:242 
  at Unity.XR.Oculus.OculusLoader.EditorLoadOVRPlugin () [0x000b0] in C:\Users\gdemers\Documents\GitHub\j06-su-moteurs-jeux-video-2-h21\UnityProject-DuckHunter\Library\PackageCache\com.unity.xr.oculus@1.6.1\Runtime\OculusLoader.cs:227 

(Filename: Library/PackageCache/com.unity.xr.oculus@1.6.1/Runtime/OculusLoader.cs Line: 242)

Mono: successfully reloaded assembly
- Completed reload, in  0.919 seconds
Platform modules already initialized, skipping
Refreshing native plugins compatible for Editor in 0.37 ms, found 3 plugins.
Preloading 1 native plugins for Editor in 0.08 ms.
Unloading 1587 Unused Serialized files (Serialized files now loaded: 0)
System memory in use before: 79.6 MB.
System memory in use after: 79.7 MB.

Unloading 7 unused Assets to reduce memory usage. Loaded Objects now: 2066.
Total: 1.708700 ms (FindLiveObjects: 0.176800 ms CreateObjectMapping: 0.055200 ms MarkObjects: 1.429200 ms  DeleteObjects: 0.046500 ms)

========================================================================
Received Import Request.
  Time since last request: 1590.892449 seconds.
  path: Assets/Scripts/Utilities/XR
  artifactKey: Guid(2ff1af33777b21a42a7d7502d09ed400) Importer(815301076,1909f56bfc062723c751e8b465ee728b)
Start importing Assets/Scripts/Utilities/XR using Guid(2ff1af33777b21a42a7d7502d09ed400) Importer(815301076,1909f56bfc062723c751e8b465ee728b)  -> (artifact id: 'ad45ddf9961ad2c1277a5f23dd318af9') in 0.011070 seconds
  Import took 0.014472 seconds .

========================================================================
Received Import Request.
  Time since last request: 0.000510 seconds.
  path: Assets/Scripts/Utilities/XR
  artifactKey: Guid(2ff1af33777b21a42a7d7502d09ed400) Importer(815301076,1909f56bfc062723c751e8b465ee728b)
Start importing Assets/Scripts/Utilities/XR using Guid(2ff1af33777b21a42a7d7502d09ed400) Importer(815301076,1909f56bfc062723c751e8b465ee728b)  -> (artifact id: 'ad45ddf9961ad2c1277a5f23dd318af9') in 0.001970 seconds
  Import took 0.004520 seconds .

========================================================================
Received Prepare
Registering precompiled user dll's ...
Registered in 0.001809 seconds.
Begin MonoManager ReloadAssembly
Native extension for WindowsStandalone target not found
Refreshing native plugins compatible for Editor in 0.38 ms, found 3 plugins.
Preloading 1 native plugins for Editor in 0.09 ms.
Invoked RoslynAnalysisRunner static constructor.
RoslynAnalysisRunner will not be running.
RoslynAnalysisRunner has terminated.
NullReferenceException: Object reference not set to an instance of an object
  at Unity.XR.Oculus.OculusLoader.AssetPathToAbsolutePath (System.String assetPath) [0x0004c] in C:\Users\gdemers\Documents\GitHub\j06-su-moteurs-jeux-video-2-h21\UnityProject-DuckHunter\Library\PackageCache\com.unity.xr.oculus@1.6.1\Runtime\OculusLoader.cs:242 
  at Unity.XR.Oculus.OculusLoader.EditorLoadOVRPlugin () [0x000b0] in C:\Users\gdemers\Documents\GitHub\j06-su-moteurs-jeux-video-2-h21\UnityProject-DuckHunter\Library\PackageCache\com.unity.xr.oculus@1.6.1\Runtime\OculusLoader.cs:227 

(Filename: Library/PackageCache/com.unity.xr.oculus@1.6.1/Runtime/OculusLoader.cs Line: 242)

Mono: successfully reloaded assembly
- Completed reload, in  0.834 seconds
Platform modules already initialized, skipping
Refreshing native plugins compatible for Editor in 0.38 ms, found 3 plugins.
Preloading 1 native plugins for Editor in 0.07 ms.
Unloading 1587 Unused Serialized files (Serialized files now loaded: 0)
System memory in use before: 79.8 MB.
System memory in use after: 79.9 MB.

Unloading 7 unused Assets to reduce memory usage. Loaded Objects now: 2069.
Total: 1.640900 ms (FindLiveObjects: 0.154100 ms CreateObjectMapping: 0.053800 ms MarkObjects: 1.386900 ms  DeleteObjects: 0.045200 ms)

========================================================================
Received Import Request.
  Time since last request: 953.132346 seconds.
  path: Assets/Scenes/gdemersTestScene/gdemersTestScene.unity
  artifactKey: Guid(241d2442a21837e45acb1b47e7a94fc7) Importer(815301076,1909f56bfc062723c751e8b465ee728b)
Start importing Assets/Scenes/gdemersTestScene/gdemersTestScene.unity using Guid(241d2442a21837e45acb1b47e7a94fc7) Importer(815301076,1909f56bfc062723c751e8b465ee728b)  -> (artifact id: '856221150be9e41db10091e43b91c08a') in 0.013359 seconds
  Import took 0.016538 seconds .

AssetImportWorkerClient::OnTransportError - code=2 error=End of file
